[05/02/2016 20:05] INFO: Creating json folder...
[05/02/2016 20:05] INFO: Missing commands.json. Creating it...
[05/02/2016 20:05] INFO: Missing games.json. Creating it...
[05/02/2016 20:05] INFO: Missing filter.json. Creating it...
[05/02/2016 20:05] INFO: Missing regex_filter.json. Creating it...
[05/02/2016 20:05] INFO: Missing twitch.json. Creating it...
[05/02/2016 20:05] INFO: Missing economy.json. Creating it...
[05/02/2016 20:05] INFO: Missing shushlist.json. Creating it...
[05/02/2016 20:05] INFO: Missing blacklist.json. Creating it...
[05/02/2016 20:05] INFO: Missing settings.json. Creating it...

[05/02/2016 20:06] INFO: Settings have been saved.
[05/02/2016 20:06] INFO: Missing apis.json. Creating it...

[05/02/2016 20:06] INFO: API Settings have been saved.

[05/02/2016 20:06] INFO: Loaded 551 proverbs.
[05/02/2016 20:06] INFO: Loaded 0 lists of custom commands.
[05/02/2016 20:06] INFO: Loaded 0 lists of filtered words.
[05/02/2016 20:06] INFO: Loaded 0 blacklisted users.
[05/02/2016 20:06] INFO: Loaded 0 regex lists.
[05/02/2016 20:06] INFO: Loaded 0 silenced channels.
[05/02/2016 20:06] INFO: Loaded 0 streams to monitor.
[05/02/2016 20:06] INFO: Loaded APIs configuration.
[05/02/2016 20:06] INFO: I'm online (143513535605899274)
[05/02/2016 20:38] INFO: Track not in cache, downloading...
[05/02/2016 20:39] INFO: Trivia started in channel 143500924747251722
[05/02/2016 20:41] INFO: Trivia stopped in channel 143500924747251722
[05/02/2016 20:50] INFO: Track not in cache, downloading...
[05/02/2016 20:52] INFO: Starting track...
[05/02/2016 20:52] INFO: Shutting down as requested by 143214549821030401...
[05/02/2016 20:52] ERROR: Unexpected websocket closure received
[05/02/2016 20:53] INFO: Loaded 551 proverbs.
[05/02/2016 20:53] INFO: Loaded 0 lists of custom commands.
[05/02/2016 20:53] INFO: Loaded 0 lists of filtered words.
[05/02/2016 20:53] INFO: Loaded 0 blacklisted users.
[05/02/2016 20:53] INFO: Loaded 0 regex lists.
[05/02/2016 20:53] INFO: Loaded 0 silenced channels.
[05/02/2016 20:53] INFO: Loaded 0 streams to monitor.
[05/02/2016 20:53] INFO: Loaded APIs configuration.
[05/02/2016 20:53] INFO: I'm online (143513535605899274)
[05/02/2016 20:53] WARNING: Join: missing parameters
[05/02/2016 21:02] INFO: Track not in cache, downloading...
[05/02/2016 21:12] INFO: Track not in cache, downloading...
[05/02/2016 21:12] INFO: Starting track...
[05/02/2016 21:36] INFO: Starting track...
[05/02/2016 21:48] INFO: Shutting down as requested by 143214549821030401...
[06/02/2016 03:14] INFO: Loaded 551 proverbs.
[06/02/2016 03:14] INFO: Loaded 0 lists of custom commands.
[06/02/2016 03:14] INFO: Loaded 0 lists of filtered words.
[06/02/2016 03:14] INFO: Loaded 0 blacklisted users.
[06/02/2016 03:14] INFO: Loaded 0 regex lists.
[06/02/2016 03:14] INFO: Loaded 0 silenced channels.
[06/02/2016 03:14] INFO: Loaded 0 streams to monitor.
[06/02/2016 03:14] INFO: Loaded APIs configuration.
[06/02/2016 03:14] INFO: I'm online (143513535605899274)
[06/02/2016 03:23] INFO: Shutting down as requested by 143214549821030401...
[06/02/2016 03:23] ERROR: Unexpected websocket closure received
[06/02/2016 12:17] INFO: Loaded 551 proverbs.
[06/02/2016 12:17] INFO: Loaded 0 lists of custom commands.
[06/02/2016 12:17] INFO: Loaded 0 lists of filtered words.
[06/02/2016 12:17] INFO: Loaded 0 blacklisted users.
[06/02/2016 12:17] INFO: Loaded 0 regex lists.
[06/02/2016 12:17] INFO: Loaded 0 silenced channels.
[06/02/2016 12:17] INFO: Loaded 0 streams to monitor.
[06/02/2016 12:17] INFO: Loaded APIs configuration.
[06/02/2016 12:17] INFO: I'm online (143513535605899274)
[06/02/2016 12:49] INFO: Shutting down as requested by 143214549821030401...
[06/02/2016 12:49] INFO: Loaded 551 proverbs.
[06/02/2016 12:49] INFO: Loaded 0 lists of custom commands.
[06/02/2016 12:49] INFO: Loaded 0 lists of filtered words.
[06/02/2016 12:49] INFO: Loaded 0 blacklisted users.
[06/02/2016 12:49] INFO: Loaded 0 regex lists.
[06/02/2016 12:49] INFO: Loaded 0 silenced channels.
[06/02/2016 12:49] INFO: Loaded 0 streams to monitor.
[06/02/2016 12:49] INFO: Loaded APIs configuration.
[06/02/2016 12:49] INFO: I'm online (143513535605899274)
[11/02/2016 20:54] INFO: Loaded 551 proverbs.
[11/02/2016 20:54] INFO: Loaded 0 lists of custom commands.
[11/02/2016 20:54] INFO: Loaded 0 lists of filtered words.
[11/02/2016 20:54] INFO: Loaded 0 blacklisted users.
[11/02/2016 20:54] INFO: Loaded 0 regex lists.
[11/02/2016 20:54] INFO: Loaded 0 silenced channels.
[11/02/2016 20:54] INFO: Loaded 0 streams to monitor.
[11/02/2016 20:54] INFO: Loaded APIs configuration.
[11/02/2016 20:54] INFO: I'm online (143513535605899274)
[19/02/2016 00:12] INFO: Loaded 551 proverbs.
[19/02/2016 00:12] INFO: Loaded 0 lists of custom commands.
[19/02/2016 00:12] INFO: Loaded 0 lists of filtered words.
[19/02/2016 00:12] INFO: Loaded 0 blacklisted users.
[19/02/2016 00:12] INFO: Loaded 0 regex lists.
[19/02/2016 00:12] INFO: Loaded 0 silenced channels.
[19/02/2016 00:12] INFO: Loaded 0 streams to monitor.
[19/02/2016 00:12] INFO: Loaded APIs configuration.
[19/02/2016 00:12] INFO: I'm online (143513535605899274)
[19/02/2016 00:15] INFO: Loaded 551 proverbs.
[19/02/2016 00:15] INFO: Loaded 0 lists of custom commands.
[19/02/2016 00:15] INFO: Loaded 0 lists of filtered words.
[19/02/2016 00:15] INFO: Loaded 0 blacklisted users.
[19/02/2016 00:15] INFO: Loaded 0 regex lists.
[19/02/2016 00:15] INFO: Loaded 0 silenced channels.
[19/02/2016 00:15] INFO: Loaded 0 streams to monitor.
[19/02/2016 00:15] INFO: Loaded APIs configuration.
[19/02/2016 00:15] INFO: I'm online (143513535605899274)
[19/02/2016 19:57] INFO: Loaded 551 proverbs.
[19/02/2016 19:57] INFO: Loaded 0 lists of custom commands.
[19/02/2016 19:57] INFO: Loaded 0 lists of filtered words.
[19/02/2016 19:57] INFO: Loaded 0 blacklisted users.
[19/02/2016 19:57] INFO: Loaded 0 regex lists.
[19/02/2016 19:57] INFO: Loaded 0 silenced channels.
[19/02/2016 19:57] INFO: Loaded 0 streams to monitor.
[19/02/2016 19:57] INFO: Loaded APIs configuration.
[19/02/2016 19:57] INFO: I'm online (143513535605899274)
[19/02/2016 21:38] INFO: Loaded 551 proverbs.
[19/02/2016 21:38] INFO: Loaded 0 lists of custom commands.
[19/02/2016 21:38] INFO: Loaded 0 lists of filtered words.
[19/02/2016 21:38] INFO: Loaded 0 blacklisted users.
[19/02/2016 21:38] INFO: Loaded 0 regex lists.
[19/02/2016 21:38] INFO: Loaded 0 silenced channels.
[19/02/2016 21:38] INFO: Loaded 0 streams to monitor.
[19/02/2016 21:38] INFO: Loaded APIs configuration.
[19/02/2016 21:38] INFO: I'm online (143513535605899274)
[19/02/2016 21:59] INFO: Loaded 551 proverbs.
[19/02/2016 21:59] INFO: Loaded 0 lists of custom commands.
[19/02/2016 21:59] INFO: Loaded 0 lists of filtered words.
[19/02/2016 21:59] INFO: Loaded 0 blacklisted users.
[19/02/2016 21:59] INFO: Loaded 0 regex lists.
[19/02/2016 21:59] INFO: Loaded 0 silenced channels.
[19/02/2016 21:59] INFO: Loaded 0 streams to monitor.
[19/02/2016 21:59] INFO: Loaded APIs configuration.
[19/02/2016 21:59] INFO: I'm online (143513535605899274)
[19/02/2016 22:06] INFO: Saved commands database.
[19/02/2016 22:06] INFO: Saved commands database.
[19/02/2016 22:08] INFO: Loaded 551 proverbs.
[19/02/2016 22:08] INFO: Loaded 1 lists of custom commands.
[19/02/2016 22:08] INFO: Loaded 0 lists of filtered words.
[19/02/2016 22:08] INFO: Loaded 0 blacklisted users.
[19/02/2016 22:08] INFO: Loaded 0 regex lists.
[19/02/2016 22:08] INFO: Loaded 0 silenced channels.
[19/02/2016 22:08] INFO: Loaded 0 streams to monitor.
[19/02/2016 22:08] INFO: Loaded APIs configuration.
[19/02/2016 22:08] INFO: I'm online (143513535605899274)
[20/02/2016 15:09] INFO: Loaded 551 proverbs.
[20/02/2016 15:09] INFO: Loaded 1 lists of custom commands.
[20/02/2016 15:09] INFO: Loaded 0 lists of filtered words.
[20/02/2016 15:09] INFO: Loaded 0 blacklisted users.
[20/02/2016 15:09] INFO: Loaded 0 regex lists.
[20/02/2016 15:09] INFO: Loaded 0 silenced channels.
[20/02/2016 15:09] INFO: Loaded 0 streams to monitor.
[20/02/2016 15:09] INFO: Loaded APIs configuration.
[20/02/2016 15:09] INFO: I'm online (143513535605899274)
[20/02/2016 23:44] INFO: Loaded 551 proverbs.
[20/02/2016 23:44] INFO: Loaded 1 lists of custom commands.
[20/02/2016 23:44] INFO: Loaded 0 lists of filtered words.
[20/02/2016 23:44] INFO: Loaded 0 blacklisted users.
[20/02/2016 23:44] INFO: Loaded 0 regex lists.
[20/02/2016 23:44] INFO: Loaded 0 silenced channels.
[20/02/2016 23:44] INFO: Loaded 0 streams to monitor.
[20/02/2016 23:44] INFO: Loaded APIs configuration.
[20/02/2016 23:44] INFO: I'm online (143513535605899274)
[21/02/2016 00:13] INFO: Shutting down as requested by 143214549821030401...
[21/02/2016 00:13] INFO: Loaded 551 proverbs.
[21/02/2016 00:13] INFO: Loaded 1 lists of custom commands.
[21/02/2016 00:13] INFO: Loaded 0 lists of filtered words.
[21/02/2016 00:13] INFO: Loaded 0 blacklisted users.
[21/02/2016 00:13] INFO: Loaded 0 regex lists.
[21/02/2016 00:13] INFO: Loaded 0 silenced channels.
[21/02/2016 00:13] INFO: Loaded 0 streams to monitor.
[21/02/2016 00:13] INFO: Loaded APIs configuration.
[21/02/2016 00:13] INFO: I'm online (143513535605899274)
[21/02/2016 01:55] INFO: Loaded 551 proverbs.
[21/02/2016 01:55] INFO: Loaded 1 lists of custom commands.
[21/02/2016 01:55] INFO: Loaded 0 lists of filtered words.
[21/02/2016 01:55] INFO: Loaded 0 blacklisted users.
[21/02/2016 01:55] INFO: Loaded 0 regex lists.
[21/02/2016 01:55] INFO: Loaded 0 silenced channels.
[21/02/2016 01:55] INFO: Loaded 0 streams to monitor.
[21/02/2016 01:55] INFO: Loaded APIs configuration.
[21/02/2016 01:55] INFO: I'm online (143513535605899274)
[21/02/2016 02:40] INFO: Shutting down as requested by 143214549821030401...
[21/02/2016 02:40] INFO: Loaded 551 proverbs.
[21/02/2016 02:40] INFO: Loaded 1 lists of custom commands.
[21/02/2016 02:40] INFO: Loaded 0 lists of filtered words.
[21/02/2016 02:40] INFO: Loaded 0 blacklisted users.
[21/02/2016 02:40] INFO: Loaded 0 regex lists.
[21/02/2016 02:40] INFO: Loaded 0 silenced channels.
[21/02/2016 02:40] INFO: Loaded 0 streams to monitor.
[21/02/2016 02:40] INFO: Loaded APIs configuration.
[21/02/2016 02:40] INFO: I'm online (143513535605899274)
[21/02/2016 02:59] INFO: Loaded 551 proverbs.
[21/02/2016 02:59] INFO: Loaded 1 lists of custom commands.
[21/02/2016 02:59] INFO: Loaded 0 lists of filtered words.
[21/02/2016 02:59] INFO: Loaded 0 blacklisted users.
[21/02/2016 02:59] INFO: Loaded 0 regex lists.
[21/02/2016 02:59] INFO: Loaded 0 silenced channels.
[21/02/2016 02:59] INFO: Loaded 0 streams to monitor.
[21/02/2016 02:59] INFO: Loaded APIs configuration.
[21/02/2016 02:59] INFO: Loaded 551 proverbs.
[21/02/2016 02:59] INFO: Loaded 1 lists of custom commands.
[21/02/2016 02:59] INFO: Loaded 0 lists of filtered words.
[21/02/2016 02:59] INFO: Loaded 0 blacklisted users.
[21/02/2016 02:59] INFO: Loaded 0 regex lists.
[21/02/2016 02:59] INFO: Loaded 0 silenced channels.
[21/02/2016 02:59] INFO: Loaded 0 streams to monitor.
[21/02/2016 02:59] INFO: Loaded APIs configuration.
[21/02/2016 02:59] INFO: I'm online (143513535605899274)
[21/02/2016 03:01] INFO: Loaded 551 proverbs.
[21/02/2016 03:01] INFO: Loaded 1 lists of custom commands.
[21/02/2016 03:01] INFO: Loaded 0 lists of filtered words.
[21/02/2016 03:01] INFO: Loaded 0 blacklisted users.
[21/02/2016 03:01] INFO: Loaded 0 regex lists.
[21/02/2016 03:01] INFO: Loaded 0 silenced channels.
[21/02/2016 03:01] INFO: Loaded 0 streams to monitor.
[21/02/2016 03:01] INFO: Loaded APIs configuration.
[21/02/2016 03:01] INFO: I'm online (143513535605899274)
[21/02/2016 03:02] INFO: Track not in cache, downloading...
[21/02/2016 03:03] INFO: Loaded 551 proverbs.
[21/02/2016 03:03] INFO: Loaded 1 lists of custom commands.
[21/02/2016 03:03] INFO: Loaded 0 lists of filtered words.
[21/02/2016 03:03] INFO: Loaded 0 blacklisted users.
[21/02/2016 03:03] INFO: Loaded 0 regex lists.
[21/02/2016 03:03] INFO: Loaded 0 silenced channels.
[21/02/2016 03:03] INFO: Loaded 0 streams to monitor.
[21/02/2016 03:03] INFO: Loaded APIs configuration.
[21/02/2016 03:03] INFO: I'm online (143513535605899274)
[21/02/2016 03:12] INFO: Track not in cache, downloading...
[21/02/2016 03:15] INFO: Loaded 551 proverbs.
[21/02/2016 03:15] INFO: Loaded 1 lists of custom commands.
[21/02/2016 03:15] INFO: Loaded 0 lists of filtered words.
[21/02/2016 03:15] INFO: Loaded 0 blacklisted users.
[21/02/2016 03:15] INFO: Loaded 0 regex lists.
[21/02/2016 03:15] INFO: Loaded 0 silenced channels.
[21/02/2016 03:15] INFO: Loaded 0 streams to monitor.
[21/02/2016 03:15] INFO: Loaded APIs configuration.
[21/02/2016 03:15] INFO: I'm online (143513535605899274)
[21/02/2016 03:18] INFO: Track not in cache, downloading...
[21/02/2016 03:19] INFO: Track not in cache, downloading...
[21/02/2016 03:20] INFO: Track not in cache, downloading...
[21/02/2016 03:25] INFO: Loaded 551 proverbs.
[21/02/2016 03:25] INFO: Loaded 1 lists of custom commands.
[21/02/2016 03:25] INFO: Loaded 0 lists of filtered words.
[21/02/2016 03:25] INFO: Loaded 0 blacklisted users.
[21/02/2016 03:25] INFO: Loaded 0 regex lists.
[21/02/2016 03:25] INFO: Loaded 0 silenced channels.
[21/02/2016 03:25] INFO: Loaded 0 streams to monitor.
[21/02/2016 03:25] INFO: Loaded APIs configuration.
[21/02/2016 03:25] INFO: I'm online (143513535605899274)
[21/02/2016 11:31] INFO: Loaded 551 proverbs.
[21/02/2016 11:31] INFO: Loaded 1 lists of custom commands.
[21/02/2016 11:31] INFO: Loaded 0 lists of filtered words.
[21/02/2016 11:31] INFO: Loaded 0 blacklisted users.
[21/02/2016 11:31] INFO: Loaded 0 regex lists.
[21/02/2016 11:31] INFO: Loaded 0 silenced channels.
[21/02/2016 11:31] INFO: Loaded 0 streams to monitor.
[21/02/2016 11:31] INFO: Loaded APIs configuration.
[21/02/2016 11:31] INFO: I'm online (143513535605899274)
[21/02/2016 15:14] INFO: Loaded 551 proverbs.
[21/02/2016 15:14] INFO: Loaded 1 lists of custom commands.
[21/02/2016 15:14] INFO: Loaded 0 lists of filtered words.
[21/02/2016 15:14] INFO: Loaded 0 blacklisted users.
[21/02/2016 15:14] INFO: Loaded 0 regex lists.
[21/02/2016 15:14] INFO: Loaded 0 silenced channels.
[21/02/2016 15:14] INFO: Loaded 0 streams to monitor.
[21/02/2016 15:14] INFO: Loaded APIs configuration.
[21/02/2016 15:14] INFO: I'm online (143513535605899274)
[21/02/2016 15:17] INFO: Loaded 551 proverbs.
[21/02/2016 15:17] INFO: Loaded 1 lists of custom commands.
[21/02/2016 15:17] INFO: Loaded 0 lists of filtered words.
[21/02/2016 15:17] INFO: Loaded 0 blacklisted users.
[21/02/2016 15:17] INFO: Loaded 0 regex lists.
[21/02/2016 15:17] INFO: Loaded 0 silenced channels.
[21/02/2016 15:17] INFO: Loaded 0 streams to monitor.
[21/02/2016 15:17] INFO: Loaded APIs configuration.
[21/02/2016 15:17] INFO: I'm online (143513535605899274)
[21/02/2016 15:18] INFO: Saved commands database.
[21/02/2016 15:19] INFO: Loaded 551 proverbs.
[21/02/2016 15:19] INFO: Loaded 1 lists of custom commands.
[21/02/2016 15:19] INFO: Loaded 0 lists of filtered words.
[21/02/2016 15:19] INFO: Loaded 0 blacklisted users.
[21/02/2016 15:19] INFO: Loaded 0 regex lists.
[21/02/2016 15:19] INFO: Loaded 0 silenced channels.
[21/02/2016 15:19] INFO: Loaded 0 streams to monitor.
[21/02/2016 15:19] INFO: Loaded APIs configuration.
[21/02/2016 15:19] INFO: I'm online (143513535605899274)
[21/02/2016 15:38] INFO: Loaded 551 proverbs.
[21/02/2016 15:38] INFO: Loaded 1 lists of custom commands.
[21/02/2016 15:38] INFO: Loaded 0 lists of filtered words.
[21/02/2016 15:38] INFO: Loaded 0 blacklisted users.
[21/02/2016 15:38] INFO: Loaded 0 regex lists.
[21/02/2016 15:38] INFO: Loaded 0 silenced channels.
[21/02/2016 15:38] INFO: Loaded 0 streams to monitor.
[21/02/2016 15:38] INFO: Loaded APIs configuration.
[21/02/2016 15:38] INFO: I'm online (143513535605899274)
[21/02/2016 16:16] INFO: Loaded 551 proverbs.
[21/02/2016 16:16] INFO: Loaded 1 lists of custom commands.
[21/02/2016 16:16] INFO: Loaded 0 lists of filtered words.
[21/02/2016 16:16] INFO: Loaded 0 blacklisted users.
[21/02/2016 16:16] INFO: Loaded 0 regex lists.
[21/02/2016 16:16] INFO: Loaded 0 silenced channels.
[21/02/2016 16:16] INFO: Loaded 0 streams to monitor.
[21/02/2016 16:16] INFO: Loaded APIs configuration.
[21/02/2016 16:16] INFO: I'm online (143513535605899274)
[21/02/2016 18:50] INFO: Loaded 551 proverbs.
[21/02/2016 18:50] INFO: Loaded 1 lists of custom commands.
[21/02/2016 18:50] INFO: Loaded 0 lists of filtered words.
[21/02/2016 18:50] INFO: Loaded 0 blacklisted users.
[21/02/2016 18:50] INFO: Loaded 0 regex lists.
[21/02/2016 18:50] INFO: Loaded 0 silenced channels.
[21/02/2016 18:50] INFO: Loaded 0 streams to monitor.
[21/02/2016 18:50] INFO: Loaded APIs configuration.
[21/02/2016 18:50] INFO: I'm online (143513535605899274)
[21/02/2016 18:50] INFO: Track not in cache, downloading...
[21/02/2016 18:56] INFO: Track not in cache, downloading...
[21/02/2016 18:56] INFO: Starting track...
[21/02/2016 18:58] INFO: Track not in cache, downloading...
[21/02/2016 18:58] INFO: Starting track...
[21/02/2016 19:03] INFO: Track not in cache, downloading...
[21/02/2016 19:05] INFO: Shutting down as requested by 143214549821030401...
[21/02/2016 19:05] ERROR: Unexpected websocket closure received
[21/02/2016 19:05] INFO: Loaded 551 proverbs.
[21/02/2016 19:05] INFO: Loaded 1 lists of custom commands.
[21/02/2016 19:05] INFO: Loaded 0 lists of filtered words.
[21/02/2016 19:05] INFO: Loaded 0 blacklisted users.
[21/02/2016 19:05] INFO: Loaded 0 regex lists.
[21/02/2016 19:05] INFO: Loaded 0 silenced channels.
[21/02/2016 19:05] INFO: Loaded 0 streams to monitor.
[21/02/2016 19:05] INFO: Loaded APIs configuration.
[21/02/2016 19:05] INFO: I'm online (143513535605899274)
[21/02/2016 19:21] INFO: Track not in cache, downloading...
[21/02/2016 19:28] INFO: Track not in cache, downloading...
[21/02/2016 22:33] INFO: Shutting down as requested by 143214549821030401...
[21/02/2016 22:35] INFO: Loaded 551 proverbs.
[21/02/2016 22:35] INFO: Loaded 1 lists of custom commands.
[21/02/2016 22:35] INFO: Loaded 0 lists of filtered words.
[21/02/2016 22:35] INFO: Loaded 0 blacklisted users.
[21/02/2016 22:35] INFO: Loaded 0 regex lists.
[21/02/2016 22:35] INFO: Loaded 0 silenced channels.
[21/02/2016 22:35] INFO: Loaded 0 streams to monitor.
[21/02/2016 22:35] INFO: Loaded APIs configuration.
[21/02/2016 22:35] INFO: I'm online (143513535605899274)
[21/02/2016 22:35] INFO: Shutting down as requested by 143214549821030401...
[21/02/2016 22:37] INFO: Loaded 551 proverbs.
[21/02/2016 22:37] INFO: Loaded 1 lists of custom commands.
[21/02/2016 22:37] INFO: Loaded 0 lists of filtered words.
[21/02/2016 22:37] INFO: Loaded 0 blacklisted users.
[21/02/2016 22:37] INFO: Loaded 0 regex lists.
[21/02/2016 22:37] INFO: Loaded 0 silenced channels.
[21/02/2016 22:37] INFO: Loaded 0 streams to monitor.
[21/02/2016 22:37] INFO: Loaded APIs configuration.
[21/02/2016 22:37] INFO: I'm online (143513535605899274)
[21/02/2016 22:43] INFO: Shutting down as requested by 143214549821030401...
[21/02/2016 22:45] INFO: Loaded 551 proverbs.
[21/02/2016 22:45] INFO: Loaded 1 lists of custom commands.
[21/02/2016 22:45] INFO: Loaded 0 lists of filtered words.
[21/02/2016 22:45] INFO: Loaded 0 blacklisted users.
[21/02/2016 22:45] INFO: Loaded 0 regex lists.
[21/02/2016 22:45] INFO: Loaded 0 silenced channels.
[21/02/2016 22:45] INFO: Loaded 0 streams to monitor.
[21/02/2016 22:45] INFO: Loaded APIs configuration.
[21/02/2016 22:45] INFO: I'm online (143513535605899274)
[21/02/2016 22:47] INFO: Loaded 551 proverbs.
[21/02/2016 22:47] INFO: Loaded 1 lists of custom commands.
[21/02/2016 22:47] INFO: Loaded 0 lists of filtered words.
[21/02/2016 22:47] INFO: Loaded 0 blacklisted users.
[21/02/2016 22:47] INFO: Loaded 0 regex lists.
[21/02/2016 22:47] INFO: Loaded 0 silenced channels.
[21/02/2016 22:47] INFO: Loaded 0 streams to monitor.
[21/02/2016 22:47] INFO: Loaded APIs configuration.
[21/02/2016 22:50] INFO: Loaded 551 proverbs.
[21/02/2016 22:50] INFO: Loaded 1 lists of custom commands.
[21/02/2016 22:50] INFO: Loaded 0 lists of filtered words.
[21/02/2016 22:50] INFO: Loaded 0 blacklisted users.
[21/02/2016 22:50] INFO: Loaded 0 regex lists.
[21/02/2016 22:50] INFO: Loaded 0 silenced channels.
[21/02/2016 22:50] INFO: Loaded 0 streams to monitor.
[21/02/2016 22:50] INFO: Loaded APIs configuration.
[21/02/2016 22:50] INFO: I'm online (143513535605899274)
[21/02/2016 22:51] INFO: Shutting down as requested by 143214549821030401...
[21/02/2016 22:59] INFO: Loaded 551 proverbs.
[21/02/2016 22:59] INFO: Loaded 1 lists of custom commands.
[21/02/2016 22:59] INFO: Loaded 0 lists of filtered words.
[21/02/2016 22:59] INFO: Loaded 0 blacklisted users.
[21/02/2016 22:59] INFO: Loaded 0 regex lists.
[21/02/2016 22:59] INFO: Loaded 0 silenced channels.
[21/02/2016 22:59] INFO: Loaded 0 streams to monitor.
[21/02/2016 22:59] INFO: Loaded APIs configuration.
[21/02/2016 22:59] INFO: I'm online (143513535605899274)
[21/02/2016 23:03] INFO: Loaded 551 proverbs.
[21/02/2016 23:03] INFO: Loaded 1 lists of custom commands.
[21/02/2016 23:03] INFO: Loaded 0 lists of filtered words.
[21/02/2016 23:03] INFO: Loaded 0 blacklisted users.
[21/02/2016 23:03] INFO: Loaded 0 regex lists.
[21/02/2016 23:03] INFO: Loaded 0 silenced channels.
[21/02/2016 23:03] INFO: Loaded 0 streams to monitor.
[21/02/2016 23:03] INFO: Loaded APIs configuration.
[21/02/2016 23:03] INFO: I'm online (143513535605899274)
[21/02/2016 23:07] INFO: Track not in cache, downloading...
[21/02/2016 23:21] INFO: Shutting down as requested by 143214549821030401...
[21/02/2016 23:21] ERROR: Unexpected websocket closure received
[21/02/2016 23:22] INFO: Loaded 551 proverbs.
[21/02/2016 23:22] INFO: Loaded 1 lists of custom commands.
[21/02/2016 23:22] INFO: Loaded 0 lists of filtered words.
[21/02/2016 23:22] INFO: Loaded 0 blacklisted users.
[21/02/2016 23:22] INFO: Loaded 0 regex lists.
[21/02/2016 23:22] INFO: Loaded 0 silenced channels.
[21/02/2016 23:22] INFO: Loaded 0 streams to monitor.
[21/02/2016 23:22] INFO: Loaded APIs configuration.
[21/02/2016 23:22] INFO: I'm online (143513535605899274)
[21/02/2016 23:24] INFO: Loaded 551 proverbs.
[21/02/2016 23:24] INFO: Loaded 1 lists of custom commands.
[21/02/2016 23:24] INFO: Loaded 0 lists of filtered words.
[21/02/2016 23:24] INFO: Loaded 0 blacklisted users.
[21/02/2016 23:24] INFO: Loaded 0 regex lists.
[21/02/2016 23:24] INFO: Loaded 0 silenced channels.
[21/02/2016 23:24] INFO: Loaded 0 streams to monitor.
[21/02/2016 23:24] INFO: Loaded APIs configuration.
[21/02/2016 23:24] INFO: I'm online (143513535605899274)
[21/02/2016 23:25] INFO: Loaded 551 proverbs.
[21/02/2016 23:25] INFO: Loaded 1 lists of custom commands.
[21/02/2016 23:25] INFO: Loaded 0 lists of filtered words.
[21/02/2016 23:25] INFO: Loaded 0 blacklisted users.
[21/02/2016 23:25] INFO: Loaded 0 regex lists.
[21/02/2016 23:25] INFO: Loaded 0 silenced channels.
[21/02/2016 23:25] INFO: Loaded 0 streams to monitor.
[21/02/2016 23:25] INFO: Loaded APIs configuration.
[21/02/2016 23:25] INFO: I'm online (143513535605899274)
[21/02/2016 23:29] INFO: Loaded 551 proverbs.
[21/02/2016 23:29] INFO: Loaded 1 lists of custom commands.
[21/02/2016 23:29] INFO: Loaded 0 lists of filtered words.
[21/02/2016 23:29] INFO: Loaded 0 blacklisted users.
[21/02/2016 23:29] INFO: Loaded 0 regex lists.
[21/02/2016 23:29] INFO: Loaded 0 silenced channels.
[21/02/2016 23:29] INFO: Loaded 0 streams to monitor.
[21/02/2016 23:29] INFO: Loaded APIs configuration.
[21/02/2016 23:29] INFO: I'm online (143513535605899274)
[21/02/2016 23:29] INFO: Shutting down as requested by 143214549821030401...
[21/02/2016 23:30] INFO: Loaded 551 proverbs.
[21/02/2016 23:30] INFO: Loaded 1 lists of custom commands.
[21/02/2016 23:30] INFO: Loaded 0 lists of filtered words.
[21/02/2016 23:30] INFO: Loaded 0 blacklisted users.
[21/02/2016 23:30] INFO: Loaded 0 regex lists.
[21/02/2016 23:30] INFO: Loaded 0 silenced channels.
[21/02/2016 23:30] INFO: Loaded 0 streams to monitor.
[21/02/2016 23:30] INFO: Loaded APIs configuration.
[21/02/2016 23:30] INFO: I'm online (143513535605899274)
[21/02/2016 23:30] INFO: Shutting down as requested by 143214549821030401...
[21/02/2016 23:30] INFO: Loaded 551 proverbs.
[21/02/2016 23:30] INFO: Loaded 1 lists of custom commands.
[21/02/2016 23:30] INFO: Loaded 0 lists of filtered words.
[21/02/2016 23:30] INFO: Loaded 0 blacklisted users.
[21/02/2016 23:30] INFO: Loaded 0 regex lists.
[21/02/2016 23:30] INFO: Loaded 0 silenced channels.
[21/02/2016 23:30] INFO: Loaded 0 streams to monitor.
[21/02/2016 23:30] INFO: Loaded APIs configuration.
[21/02/2016 23:30] INFO: I'm online (143513535605899274)
[21/02/2016 23:30] INFO: Shutting down as requested by 143214549821030401...
[21/02/2016 23:31] INFO: Loaded 551 proverbs.
[21/02/2016 23:31] INFO: Loaded 1 lists of custom commands.
[21/02/2016 23:31] INFO: Loaded 0 lists of filtered words.
[21/02/2016 23:31] INFO: Loaded 0 blacklisted users.
[21/02/2016 23:31] INFO: Loaded 0 regex lists.
[21/02/2016 23:31] INFO: Loaded 0 silenced channels.
[21/02/2016 23:31] INFO: Loaded 0 streams to monitor.
[21/02/2016 23:31] INFO: Loaded APIs configuration.
[21/02/2016 23:31] INFO: I'm online (143513535605899274)
[21/02/2016 23:31] INFO: Shutting down as requested by 143214549821030401...
[21/02/2016 23:31] INFO: Loaded 551 proverbs.
[21/02/2016 23:31] INFO: Loaded 1 lists of custom commands.
[21/02/2016 23:31] INFO: Loaded 0 lists of filtered words.
[21/02/2016 23:31] INFO: Loaded 0 blacklisted users.
[21/02/2016 23:31] INFO: Loaded 0 regex lists.
[21/02/2016 23:31] INFO: Loaded 0 silenced channels.
[21/02/2016 23:31] INFO: Loaded 0 streams to monitor.
[21/02/2016 23:31] INFO: Loaded APIs configuration.
[21/02/2016 23:31] INFO: I'm online (143513535605899274)
[21/02/2016 23:31] INFO: Shutting down as requested by 143214549821030401...
[21/02/2016 23:32] INFO: Loaded 551 proverbs.
[21/02/2016 23:32] INFO: Loaded 1 lists of custom commands.
[21/02/2016 23:32] INFO: Loaded 0 lists of filtered words.
[21/02/2016 23:32] INFO: Loaded 0 blacklisted users.
[21/02/2016 23:32] INFO: Loaded 0 regex lists.
[21/02/2016 23:32] INFO: Loaded 0 silenced channels.
[21/02/2016 23:32] INFO: Loaded 0 streams to monitor.
[21/02/2016 23:32] INFO: Loaded APIs configuration.
[21/02/2016 23:32] INFO: I'm online (143513535605899274)
[21/02/2016 23:32] INFO: Shutting down as requested by 143214549821030401...
[21/02/2016 23:33] INFO: Loaded 551 proverbs.
[21/02/2016 23:33] INFO: Loaded 1 lists of custom commands.
[21/02/2016 23:33] INFO: Loaded 0 lists of filtered words.
[21/02/2016 23:33] INFO: Loaded 0 blacklisted users.
[21/02/2016 23:33] INFO: Loaded 0 regex lists.
[21/02/2016 23:33] INFO: Loaded 0 silenced channels.
[21/02/2016 23:33] INFO: Loaded 0 streams to monitor.
[21/02/2016 23:33] INFO: Loaded APIs configuration.
[21/02/2016 23:33] INFO: I'm online (143513535605899274)
[21/02/2016 23:33] INFO: Shutting down as requested by 143214549821030401...
[21/02/2016 23:36] INFO: Loaded 551 proverbs.
[21/02/2016 23:36] INFO: Loaded 1 lists of custom commands.
[21/02/2016 23:36] INFO: Loaded 0 lists of filtered words.
[21/02/2016 23:36] INFO: Loaded 0 blacklisted users.
[21/02/2016 23:36] INFO: Loaded 0 regex lists.
[21/02/2016 23:36] INFO: Loaded 0 silenced channels.
[21/02/2016 23:36] INFO: Loaded 0 streams to monitor.
[21/02/2016 23:36] INFO: Loaded APIs configuration.
[21/02/2016 23:36] INFO: I'm online (143513535605899274)
[21/02/2016 23:37] INFO: Loaded 551 proverbs.
[21/02/2016 23:37] INFO: Loaded 1 lists of custom commands.
[21/02/2016 23:37] INFO: Loaded 0 lists of filtered words.
[21/02/2016 23:37] INFO: Loaded 0 blacklisted users.
[21/02/2016 23:37] INFO: Loaded 0 regex lists.
[21/02/2016 23:37] INFO: Loaded 0 silenced channels.
[21/02/2016 23:37] INFO: Loaded 0 streams to monitor.
[21/02/2016 23:37] INFO: Loaded APIs configuration.
[21/02/2016 23:37] INFO: I'm online (143513535605899274)
[21/02/2016 23:47] INFO: Loaded 551 proverbs.
[21/02/2016 23:47] INFO: Loaded 1 lists of custom commands.
[21/02/2016 23:47] INFO: Loaded 0 lists of filtered words.
[21/02/2016 23:47] INFO: Loaded 0 blacklisted users.
[21/02/2016 23:47] INFO: Loaded 0 regex lists.
[21/02/2016 23:47] INFO: Loaded 0 silenced channels.
[21/02/2016 23:47] INFO: Loaded 0 streams to monitor.
[21/02/2016 23:47] INFO: Loaded APIs configuration.
[21/02/2016 23:47] INFO: I'm online (143513535605899274)
[21/02/2016 23:47] INFO: Shutting down as requested by 143214549821030401...
